0 info it worked if it ends with ok
1 verbose cli [ 'C:\\Program Files\\nodejs\\node.exe',
1 verbose cli   'C:\\Program Files\\nodejs\\node_modules\\npm\\bin\\npm-cli.js',
1 verbose cli   'run',
1 verbose cli   'test',
1 verbose cli   'flickr-fetcher-spec.js' ]
2 info using npm@3.10.8
3 info using node@v6.9.1
4 verbose run-script [ 'pretest', 'test', 'posttest' ]
5 info lifecycle tdd-primer@1.0.0~pretest: tdd-primer@1.0.0
6 silly lifecycle tdd-primer@1.0.0~pretest: no script for pretest, continuing
7 info lifecycle tdd-primer@1.0.0~test: tdd-primer@1.0.0
8 verbose lifecycle tdd-primer@1.0.0~test: unsafe-perm in lifecycle true
9 verbose lifecycle tdd-primer@1.0.0~test: PATH: C:\Program Files\nodejs\node_modules\npm\bin\node-gyp-bin;c:\Users\eburton\Documents\CE Learning Git\TDD-primer\App\node_modules\.bin;C:\Program Files (x86)\Intel\iCLS Client\;C:\Program Files\Intel\iCLS Client\;C:\ProgramData\Oracle\Java\javapath;C:\Windows\system32;C:\Windows;C:\Windows\System32\Wbem;C:\Windows\System32\WindowsPowerShell\v1.0\;C:\Program Files\TortoiseSVN\bin;C:\Windows\System32\cmd.exe;C:\Program Files (x86)\WinSCP\;C:\Windows\system32;C:\Windows;C:\Windows\System32\Wbem;C:\Windows\System32\WindowsPowerShell\v1.0\;C:\Program Files\TortoiseSVN\bin;C:\Windows\System32\cmd.exe;C:\Program Files (x86)\WinSCP\;C:\Program Files\MongoDB\Server\3.2\bin;C:\Program Files (x86)\MySQL\MySQL Fabric 1.5 & MySQL Utilities 1.5\;C:\Program Files (x86)\MySQL\MySQL Fabric 1.5 & MySQL Utilities 1.5\Doctrine extensions for PHP\;C:\Program Files\MySQL\MySQL Server 5.7\bin;C:\Program Files (x86)\Microsoft SQL Server\Client SDK\ODBC\130\Tools\Binn\;C:\Program Files (x86)\Microsoft SQL Server\130\Tools\Binn\;C:\Program Files (x86)\Microsoft SQL Server\130\DTS\Binn\;C:\Program Files (x86)\Microsoft SQL Server\130\Tools\Binn\ManagementStudio\;C:\Program Files\Git\cmd;C:\Program Files\nodejs\;C:\Program Files\Intel\Intel(R) Management Engine Components\DAL;C:\Program Files (x86)\Intel\Intel(R) Management Engine Components\DAL;C:\Program Files\Intel\Intel(R) Management Engine Components\IPT;C:\Program Files (x86)\Intel\Intel(R) Management Engine Components\IPT;C:\Program Files (x86)\Yarn\bin;C:\Program Files (x86)\Microsoft VS Code\bin;C:\Users\eburton\AppData\Local\atom\bin;C:\Users\eburton\AppData\Roaming\npm;C:\Users\eburton\AppData\Local\Yarn\.bin
10 verbose lifecycle tdd-primer@1.0.0~test: CWD: c:\Users\eburton\Documents\CE Learning Git\TDD-primer\App
11 silly lifecycle tdd-primer@1.0.0~test: Args: [ '/d /s /c',
11 silly lifecycle   'mocha --require babel-register ./test/ "flickr-fetcher-spec.js"' ]
12 silly lifecycle tdd-primer@1.0.0~test: Returned: code: 1  signal: null
13 info lifecycle tdd-primer@1.0.0~test: Failed to exec test script
14 verbose stack Error: tdd-primer@1.0.0 test: `mocha --require babel-register ./test/ "flickr-fetcher-spec.js"`
14 verbose stack Exit status 1
14 verbose stack     at EventEmitter.<anonymous> (C:\Program Files\nodejs\node_modules\npm\lib\utils\lifecycle.js:255:16)
14 verbose stack     at emitTwo (events.js:106:13)
14 verbose stack     at EventEmitter.emit (events.js:191:7)
14 verbose stack     at ChildProcess.<anonymous> (C:\Program Files\nodejs\node_modules\npm\lib\utils\spawn.js:40:14)
14 verbose stack     at emitTwo (events.js:106:13)
14 verbose stack     at ChildProcess.emit (events.js:191:7)
14 verbose stack     at maybeClose (internal/child_process.js:877:16)
14 verbose stack     at Process.ChildProcess._handle.onexit (internal/child_process.js:226:5)
15 verbose pkgid tdd-primer@1.0.0
16 verbose cwd c:\Users\eburton\Documents\CE Learning Git\TDD-primer\App
17 error Windows_NT 6.1.7601
18 error argv "C:\\Program Files\\nodejs\\node.exe" "C:\\Program Files\\nodejs\\node_modules\\npm\\bin\\npm-cli.js" "run" "test" "flickr-fetcher-spec.js"
19 error node v6.9.1
20 error npm  v3.10.8
21 error code ELIFECYCLE
22 error tdd-primer@1.0.0 test: `mocha --require babel-register ./test/ "flickr-fetcher-spec.js"`
22 error Exit status 1
23 error Failed at the tdd-primer@1.0.0 test script 'mocha --require babel-register ./test/ "flickr-fetcher-spec.js"'.
23 error Make sure you have the latest version of node.js and npm installed.
23 error If you do, this is most likely a problem with the tdd-primer package,
23 error not with npm itself.
23 error Tell the author that this fails on your system:
23 error     mocha --require babel-register ./test/ "flickr-fetcher-spec.js"
23 error You can get information on how to open an issue for this project with:
23 error     npm bugs tdd-primer
23 error Or if that isn't available, you can get their info via:
23 error     npm owner ls tdd-primer
23 error There is likely additional logging output above.
24 verbose exit [ 1, true ]
